Analysis & Synthesis report for RCA_16bit
Mon Mar 20 14:50:09 2023
Quartus Prime Version 18.1.0 Build 625 09/12/2018 SJ Lite Edition


---------------------
; Table of Contents ;
---------------------
  1. Legal Notice
  2. Analysis & Synthesis Summary
  3. Analysis & Synthesis Settings
  4. Parallel Compilation
  5. Analysis & Synthesis Source Files Read
  6. Analysis & Synthesis Resource Usage Summary
  7. Analysis & Synthesis Resource Utilization by Entity
  8. General Register Statistics
  9. Parameter Settings for User Entity Instance: RCA_4bit:ca0|regn:regA
 10. Parameter Settings for User Entity Instance: RCA_4bit:ca0|regn:regB
 11. Parameter Settings for User Entity Instance: RCA_4bit:ca0|regn:regC
 12. Parameter Settings for User Entity Instance: RCA_4bit:ca1|regn:regA
 13. Parameter Settings for User Entity Instance: RCA_4bit:ca1|regn:regB
 14. Parameter Settings for User Entity Instance: RCA_4bit:ca1|regn:regC
 15. Parameter Settings for User Entity Instance: RCA_4bit:ca2|regn:regA
 16. Parameter Settings for User Entity Instance: RCA_4bit:ca2|regn:regB
 17. Parameter Settings for User Entity Instance: RCA_4bit:ca2|regn:regC
 18. Parameter Settings for User Entity Instance: RCA_4bit:ca3|regn:regA
 19. Parameter Settings for User Entity Instance: RCA_4bit:ca3|regn:regB
 20. Parameter Settings for User Entity Instance: RCA_4bit:ca3|regn:regC
 21. Port Connectivity Checks: "RCA_4bit:ca3"
 22. Port Connectivity Checks: "RCA_4bit:ca2"
 23. Port Connectivity Checks: "RCA_4bit:ca1"
 24. Port Connectivity Checks: "RCA_4bit:ca0"
 25. Post-Synthesis Netlist Statistics for Top Partition
 26. Elapsed Time Per Partition
 27. Analysis & Synthesis Messages



----------------
; Legal Notice ;
----------------
Copyright (C) 2018  Intel Corporation. All rights reserved.
Your use of Intel Corporation's design tools, logic functions 
and other software and tools, and its AMPP partner logic 
functions, and any output files from any of the foregoing 
(including device programming or simulation files), and any 
associated documentation or information are expressly subject 
to the terms and conditions of the Intel Program License 
Subscription Agreement, the Intel Quartus Prime License Agreement,
the Intel FPGA IP License Agreement, or other applicable license
agreement, including, without limitation, that your use is for
the sole purpose of programming logic devices manufactured by
Intel and sold by Intel or its authorized distributors.  Please
refer to the applicable agreement for further details.



+-------------------------------------------------------------------------------+
; Analysis & Synthesis Summary                                                  ;
+---------------------------------+---------------------------------------------+
; Analysis & Synthesis Status     ; Successful - Mon Mar 20 14:50:09 2023       ;
; Quartus Prime Version           ; 18.1.0 Build 625 09/12/2018 SJ Lite Edition ;
; Revision Name                   ; RCA_16bit                                   ;
; Top-level Entity Name           ; RCA_16bit                                   ;
; Family                          ; Cyclone V                                   ;
; Logic utilization (in ALMs)     ; N/A                                         ;
; Total registers                 ; 48                                          ;
; Total pins                      ; 51                                          ;
; Total virtual pins              ; 0                                           ;
; Total block memory bits         ; 0                                           ;
; Total DSP Blocks                ; 0                                           ;
; Total HSSI RX PCSs              ; 0                                           ;
; Total HSSI PMA RX Deserializers ; 0                                           ;
; Total HSSI TX PCSs              ; 0                                           ;
; Total HSSI PMA TX Serializers   ; 0                                           ;
; Total PLLs                      ; 0                                           ;
; Total DLLs                      ; 0                                           ;
+---------------------------------+---------------------------------------------+


+---------------------------------------------------------------------------------------------------------------------------+
; Analysis & Synthesis Settings                                                                                             ;
+---------------------------------------------------------------------------------+--------------------+--------------------+
; Option                                                                          ; Setting            ; Default Value      ;
+---------------------------------------------------------------------------------+--------------------+--------------------+
; Device                                                                          ; 5CSEMA5F31C6       ;                    ;
; Top-level entity name                                                           ; RCA_16bit          ; RCA_16bit          ;
; Family name                                                                     ; Cyclone V          ; Cyclone V          ;
; Use smart compilation                                                           ; Off                ; Off                ;
; Enable parallel Assembler and Timing Analyzer during compilation                ; On                 ; On                 ;
; Enable compact report table                                                     ; Off                ; Off                ;
; Restructure Multiplexers                                                        ; Auto               ; Auto               ;
; MLAB Add Timing Constraints For Mixed-Port Feed-Through Mode Setting Don't Care ; Off                ; Off                ;
; Create Debugging Nodes for IP Cores                                             ; Off                ; Off                ;
; Preserve fewer node names                                                       ; On                 ; On                 ;
; Intel FPGA IP Evaluation Mode                                                   ; Enable             ; Enable             ;
; Verilog Version                                                                 ; Verilog_2001       ; Verilog_2001       ;
; VHDL Version                                                                    ; VHDL_1993          ; VHDL_1993          ;
; State Machine Processing                                                        ; Auto               ; Auto               ;
; Safe State Machine                                                              ; Off                ; Off                ;
; Extract Verilog State Machines                                                  ; On                 ; On                 ;
; Extract VHDL State Machines                                                     ; On                 ; On                 ;
; Ignore Verilog initial constructs                                               ; Off                ; Off                ;
; Iteration limit for constant Verilog loops                                      ; 5000               ; 5000               ;
; Iteration limit for non-constant Verilog loops                                  ; 250                ; 250                ;
; Add Pass-Through Logic to Inferred RAMs                                         ; On                 ; On                 ;
; Infer RAMs from Raw Logic                                                       ; On                 ; On                 ;
; Parallel Synthesis                                                              ; On                 ; On                 ;
; DSP Block Balancing                                                             ; Auto               ; Auto               ;
; NOT Gate Push-Back                                                              ; On                 ; On                 ;
; Power-Up Don't Care                                                             ; On                 ; On                 ;
; Remove Redundant Logic Cells                                                    ; Off                ; Off                ;
; Remove Duplicate Registers                                                      ; On                 ; On                 ;
; Ignore CARRY Buffers                                                            ; Off                ; Off                ;
; Ignore CASCADE Buffers                                                          ; Off                ; Off                ;
; Ignore GLOBAL Buffers                                                           ; Off                ; Off                ;
; Ignore ROW GLOBAL Buffers                                                       ; Off                ; Off                ;
; Ignore LCELL Buffers                                                            ; Off                ; Off                ;
; Ignore SOFT Buffers                                                             ; On                 ; On                 ;
; Limit AHDL Integers to 32 Bits                                                  ; Off                ; Off                ;
; Optimization Technique                                                          ; Balanced           ; Balanced           ;
; Carry Chain Length                                                              ; 70                 ; 70                 ;
; Auto Carry Chains                                                               ; On                 ; On                 ;
; Auto Open-Drain Pins                                                            ; On                 ; On                 ;
; Perform WYSIWYG Primitive Resynthesis                                           ; Off                ; Off                ;
; Auto ROM Replacement                                                            ; On                 ; On                 ;
; Auto RAM Replacement                                                            ; On                 ; On                 ;
; Auto DSP Block Replacement                                                      ; On                 ; On                 ;
; Auto Shift Register Replacement                                                 ; Auto               ; Auto               ;
; Allow Shift Register Merging across Hierarchies                                 ; Auto               ; Auto               ;
; Auto Clock Enable Replacement                                                   ; On                 ; On                 ;
; Strict RAM Replacement                                                          ; Off                ; Off                ;
; Allow Synchronous Control Signals                                               ; On                 ; On                 ;
; Force Use of Synchronous Clear Signals                                          ; Off                ; Off                ;
; Auto Resource Sharing                                                           ; Off                ; Off                ;
; Allow Any RAM Size For Recognition                                              ; Off                ; Off                ;
; Allow Any ROM Size For Recognition                                              ; Off                ; Off                ;
; Allow Any Shift Register Size For Recognition                                   ; Off                ; Off                ;
; Use LogicLock Constraints during Resource Balancing                             ; On                 ; On                 ;
; Ignore translate_off and synthesis_off directives                               ; Off                ; Off                ;
; Timing-Driven Synthesis                                                         ; On                 ; On                 ;
; Report Parameter Settings                                                       ; On                 ; On                 ;
; Report Source Assignments                                                       ; On                 ; On                 ;
; Report Connectivity Checks                                                      ; On                 ; On                 ;
; Ignore Maximum Fan-Out Assignments                                              ; Off                ; Off                ;
; Synchronization Register Chain Length                                           ; 3                  ; 3                  ;
; Power Optimization During Synthesis                                             ; Normal compilation ; Normal compilation ;
; HDL message level                                                               ; Level2             ; Level2             ;
; Suppress Register Optimization Related Messages                                 ; Off                ; Off                ;
; Number of Removed Registers Reported in Synthesis Report                        ; 5000               ; 5000               ;
; Number of Swept Nodes Reported in Synthesis Report                              ; 5000               ; 5000               ;
; Number of Inverted Registers Reported in Synthesis Report                       ; 100                ; 100                ;
; Clock MUX Protection                                                            ; On                 ; On                 ;
; Auto Gated Clock Conversion                                                     ; Off                ; Off                ;
; Block Design Naming                                                             ; Auto               ; Auto               ;
; SDC constraint protection                                                       ; Off                ; Off                ;
; Synthesis Effort                                                                ; Auto               ; Auto               ;
; Shift Register Replacement - Allow Asynchronous Clear Signal                    ; On                 ; On                 ;
; Pre-Mapping Resynthesis Optimization                                            ; Off                ; Off                ;
; Analysis & Synthesis Message Level                                              ; Medium             ; Medium             ;
; Disable Register Merging Across Hierarchies                                     ; Auto               ; Auto               ;
; Resource Aware Inference For Block RAM                                          ; On                 ; On                 ;
; Automatic Parallel Synthesis                                                    ; On                 ; On                 ;
; Partial Reconfiguration Bitstream ID                                            ; Off                ; Off                ;
+---------------------------------------------------------------------------------+--------------------+--------------------+


+------------------------------------------+
; Parallel Compilation                     ;
+----------------------------+-------------+
; Processors                 ; Number      ;
+----------------------------+-------------+
; Number detected on machine ; 8           ;
; Maximum allowed            ; 4           ;
;                            ;             ;
; Average used               ; 1.00        ;
; Maximum used               ; 4           ;
;                            ;             ;
; Usage by Processor         ; % Time Used ;
;     Processor 1            ; 100.0%      ;
;     Processors 2-4         ;   0.0%      ;
+----------------------------+-------------+


+-----------------------------------------------------------------------------------------------------------------------------------------------+
; Analysis & Synthesis Source Files Read                                                                                                        ;
+----------------------------------+-----------------+-----------------+--------------------------------------------------------------+---------+
; File Name with User-Entered Path ; Used in Netlist ; File Type       ; File Name with Absolute Path                                 ; Library ;
+----------------------------------+-----------------+-----------------+--------------------------------------------------------------+---------+
; signed_adder.vhd                 ; yes             ; User VHDL File  ; D:/Programs/Quartus Projects/4bit-RCA/Task3/signed_adder.vhd ;         ;
; regn.vhd                         ; yes             ; User VHDL File  ; D:/Programs/Quartus Projects/4bit-RCA/Task3/regn.vhd         ;         ;
; RCA_16bit.vhd                    ; yes             ; User VHDL File  ; D:/Programs/Quartus Projects/4bit-RCA/Task3/RCA_16bit.vhd    ;         ;
; RCA_4bit.vhd                     ; yes             ; User VHDL File  ; D:/Programs/Quartus Projects/4bit-RCA/Task3/RCA_4bit.vhd     ;         ;
; MUX2to1_1bit.vhd                 ; yes             ; User VHDL File  ; D:/Programs/Quartus Projects/4bit-RCA/Task3/MUX2to1_1bit.vhd ;         ;
; full_adder.vhd                   ; yes             ; User VHDL File  ; D:/Programs/Quartus Projects/4bit-RCA/Task3/full_adder.vhd   ;         ;
+----------------------------------+-----------------+-----------------+--------------------------------------------------------------+---------+


+-----------------------------------------------------------+
; Analysis & Synthesis Resource Usage Summary               ;
+---------------------------------------------+-------------+
; Resource                                    ; Usage       ;
+---------------------------------------------+-------------+
; Estimate of Logic utilization (ALMs needed) ; 29          ;
;                                             ;             ;
; Combinational ALUT usage for logic          ; 30          ;
;     -- 7 input functions                    ; 0           ;
;     -- 6 input functions                    ; 9           ;
;     -- 5 input functions                    ; 4           ;
;     -- 4 input functions                    ; 3           ;
;     -- <=3 input functions                  ; 14          ;
;                                             ;             ;
; Dedicated logic registers                   ; 48          ;
;                                             ;             ;
; I/O pins                                    ; 51          ;
;                                             ;             ;
; Total DSP Blocks                            ; 0           ;
;                                             ;             ;
; Maximum fan-out node                        ; clock~input ;
; Maximum fan-out                             ; 48          ;
; Total fan-out                               ; 333         ;
; Average fan-out                             ; 1.85        ;
+---------------------------------------------+-------------+


+--------------------------------------------------------------------------------------------------------------------------------------------------------------------------------------------------------------------------------------------------+
; Analysis & Synthesis Resource Utilization by Entity                                                                                                                                                                                              ;
+--------------------------------+---------------------+---------------------------+-------------------+------------+------+--------------+--------------------------------------------------------------------------+--------------+--------------+
; Compilation Hierarchy Node     ; Combinational ALUTs ; Dedicated Logic Registers ; Block Memory Bits ; DSP Blocks ; Pins ; Virtual Pins ; Full Hierarchy Name                                                      ; Entity Name  ; Library Name ;
+--------------------------------+---------------------+---------------------------+-------------------+------------+------+--------------+--------------------------------------------------------------------------+--------------+--------------+
; |RCA_16bit                     ; 30 (0)              ; 48 (0)                    ; 0                 ; 0          ; 51   ; 0            ; |RCA_16bit                                                               ; RCA_16bit    ; work         ;
;    |RCA_4bit:ca0|              ; 6 (0)               ; 12 (0)                    ; 0                 ; 0          ; 0    ; 0            ; |RCA_16bit|RCA_4bit:ca0                                                  ; RCA_4bit     ; work         ;
;       |regn:regA|              ; 0 (0)               ; 4 (4)                     ; 0                 ; 0          ; 0    ; 0            ; |RCA_16bit|RCA_4bit:ca0|regn:regA                                        ; regn         ; work         ;
;       |regn:regB|              ; 0 (0)               ; 4 (4)                     ; 0                 ; 0          ; 0    ; 0            ; |RCA_16bit|RCA_4bit:ca0|regn:regB                                        ; regn         ; work         ;
;       |regn:regC|              ; 0 (0)               ; 4 (4)                     ; 0                 ; 0          ; 0    ; 0            ; |RCA_16bit|RCA_4bit:ca0|regn:regC                                        ; regn         ; work         ;
;       |signed_adder:rca|       ; 6 (0)               ; 0 (0)                     ; 0                 ; 0          ; 0    ; 0            ; |RCA_16bit|RCA_4bit:ca0|signed_adder:rca                                 ; signed_adder ; work         ;
;          |full_adder:fa0|      ; 1 (1)               ; 0 (0)                     ; 0                 ; 0          ; 0    ; 0            ; |RCA_16bit|RCA_4bit:ca0|signed_adder:rca|full_adder:fa0                  ; full_adder   ; work         ;
;          |full_adder:fa1|      ; 1 (1)               ; 0 (0)                     ; 0                 ; 0          ; 0    ; 0            ; |RCA_16bit|RCA_4bit:ca0|signed_adder:rca|full_adder:fa1                  ; full_adder   ; work         ;
;          |full_adder:fa2|      ; 2 (1)               ; 0 (0)                     ; 0                 ; 0          ; 0    ; 0            ; |RCA_16bit|RCA_4bit:ca0|signed_adder:rca|full_adder:fa2                  ; full_adder   ; work         ;
;             |MUX2to1_1bit:mux| ; 1 (1)               ; 0 (0)                     ; 0                 ; 0          ; 0    ; 0            ; |RCA_16bit|RCA_4bit:ca0|signed_adder:rca|full_adder:fa2|MUX2to1_1bit:mux ; MUX2to1_1bit ; work         ;
;          |full_adder:fa3|      ; 2 (1)               ; 0 (0)                     ; 0                 ; 0          ; 0    ; 0            ; |RCA_16bit|RCA_4bit:ca0|signed_adder:rca|full_adder:fa3                  ; full_adder   ; work         ;
;             |MUX2to1_1bit:mux| ; 1 (1)               ; 0 (0)                     ; 0                 ; 0          ; 0    ; 0            ; |RCA_16bit|RCA_4bit:ca0|signed_adder:rca|full_adder:fa3|MUX2to1_1bit:mux ; MUX2to1_1bit ; work         ;
;    |RCA_4bit:ca1|              ; 9 (0)               ; 12 (0)                    ; 0                 ; 0          ; 0    ; 0            ; |RCA_16bit|RCA_4bit:ca1                                                  ; RCA_4bit     ; work         ;
;       |regn:regA|              ; 0 (0)               ; 4 (4)                     ; 0                 ; 0          ; 0    ; 0            ; |RCA_16bit|RCA_4bit:ca1|regn:regA                                        ; regn         ; work         ;
;       |regn:regB|              ; 0 (0)               ; 4 (4)                     ; 0                 ; 0          ; 0    ; 0            ; |RCA_16bit|RCA_4bit:ca1|regn:regB                                        ; regn         ; work         ;
;       |regn:regC|              ; 0 (0)               ; 4 (4)                     ; 0                 ; 0          ; 0    ; 0            ; |RCA_16bit|RCA_4bit:ca1|regn:regC                                        ; regn         ; work         ;
;       |signed_adder:rca|       ; 9 (0)               ; 0 (0)                     ; 0                 ; 0          ; 0    ; 0            ; |RCA_16bit|RCA_4bit:ca1|signed_adder:rca                                 ; signed_adder ; work         ;
;          |full_adder:fa0|      ; 1 (1)               ; 0 (0)                     ; 0                 ; 0          ; 0    ; 0            ; |RCA_16bit|RCA_4bit:ca1|signed_adder:rca|full_adder:fa0                  ; full_adder   ; work         ;
;          |full_adder:fa1|      ; 5 (2)               ; 0 (0)                     ; 0                 ; 0          ; 0    ; 0            ; |RCA_16bit|RCA_4bit:ca1|signed_adder:rca|full_adder:fa1                  ; full_adder   ; work         ;
;             |MUX2to1_1bit:mux| ; 3 (3)               ; 0 (0)                     ; 0                 ; 0          ; 0    ; 0            ; |RCA_16bit|RCA_4bit:ca1|signed_adder:rca|full_adder:fa1|MUX2to1_1bit:mux ; MUX2to1_1bit ; work         ;
;          |full_adder:fa2|      ; 1 (1)               ; 0 (0)                     ; 0                 ; 0          ; 0    ; 0            ; |RCA_16bit|RCA_4bit:ca1|signed_adder:rca|full_adder:fa2                  ; full_adder   ; work         ;
;          |full_adder:fa3|      ; 2 (1)               ; 0 (0)                     ; 0                 ; 0          ; 0    ; 0            ; |RCA_16bit|RCA_4bit:ca1|signed_adder:rca|full_adder:fa3                  ; full_adder   ; work         ;
;             |MUX2to1_1bit:mux| ; 1 (1)               ; 0 (0)                     ; 0                 ; 0          ; 0    ; 0            ; |RCA_16bit|RCA_4bit:ca1|signed_adder:rca|full_adder:fa3|MUX2to1_1bit:mux ; MUX2to1_1bit ; work         ;
;    |RCA_4bit:ca2|              ; 7 (0)               ; 12 (0)                    ; 0                 ; 0          ; 0    ; 0            ; |RCA_16bit|RCA_4bit:ca2                                                  ; RCA_4bit     ; work         ;
;       |regn:regA|              ; 0 (0)               ; 4 (4)                     ; 0                 ; 0          ; 0    ; 0            ; |RCA_16bit|RCA_4bit:ca2|regn:regA                                        ; regn         ; work         ;
;       |regn:regB|              ; 0 (0)               ; 4 (4)                     ; 0                 ; 0          ; 0    ; 0            ; |RCA_16bit|RCA_4bit:ca2|regn:regB                                        ; regn         ; work         ;
;       |regn:regC|              ; 0 (0)               ; 4 (4)                     ; 0                 ; 0          ; 0    ; 0            ; |RCA_16bit|RCA_4bit:ca2|regn:regC                                        ; regn         ; work         ;
;       |signed_adder:rca|       ; 7 (0)               ; 0 (0)                     ; 0                 ; 0          ; 0    ; 0            ; |RCA_16bit|RCA_4bit:ca2|signed_adder:rca                                 ; signed_adder ; work         ;
;          |full_adder:fa0|      ; 1 (1)               ; 0 (0)                     ; 0                 ; 0          ; 0    ; 0            ; |RCA_16bit|RCA_4bit:ca2|signed_adder:rca|full_adder:fa0                  ; full_adder   ; work         ;
;          |full_adder:fa1|      ; 1 (1)               ; 0 (0)                     ; 0                 ; 0          ; 0    ; 0            ; |RCA_16bit|RCA_4bit:ca2|signed_adder:rca|full_adder:fa1                  ; full_adder   ; work         ;
;          |full_adder:fa2|      ; 4 (2)               ; 0 (0)                     ; 0                 ; 0          ; 0    ; 0            ; |RCA_16bit|RCA_4bit:ca2|signed_adder:rca|full_adder:fa2                  ; full_adder   ; work         ;
;             |MUX2to1_1bit:mux| ; 2 (2)               ; 0 (0)                     ; 0                 ; 0          ; 0    ; 0            ; |RCA_16bit|RCA_4bit:ca2|signed_adder:rca|full_adder:fa2|MUX2to1_1bit:mux ; MUX2to1_1bit ; work         ;
;          |full_adder:fa3|      ; 1 (1)               ; 0 (0)                     ; 0                 ; 0          ; 0    ; 0            ; |RCA_16bit|RCA_4bit:ca2|signed_adder:rca|full_adder:fa3                  ; full_adder   ; work         ;
;    |RCA_4bit:ca3|              ; 8 (1)               ; 12 (0)                    ; 0                 ; 0          ; 0    ; 0            ; |RCA_16bit|RCA_4bit:ca3                                                  ; RCA_4bit     ; work         ;
;       |regn:regA|              ; 0 (0)               ; 4 (4)                     ; 0                 ; 0          ; 0    ; 0            ; |RCA_16bit|RCA_4bit:ca3|regn:regA                                        ; regn         ; work         ;
;       |regn:regB|              ; 0 (0)               ; 4 (4)                     ; 0                 ; 0          ; 0    ; 0            ; |RCA_16bit|RCA_4bit:ca3|regn:regB                                        ; regn         ; work         ;
;       |regn:regC|              ; 0 (0)               ; 4 (4)                     ; 0                 ; 0          ; 0    ; 0            ; |RCA_16bit|RCA_4bit:ca3|regn:regC                                        ; regn         ; work         ;
;       |signed_adder:rca|       ; 7 (0)               ; 0 (0)                     ; 0                 ; 0          ; 0    ; 0            ; |RCA_16bit|RCA_4bit:ca3|signed_adder:rca                                 ; signed_adder ; work         ;
;          |full_adder:fa0|      ; 2 (1)               ; 0 (0)                     ; 0                 ; 0          ; 0    ; 0            ; |RCA_16bit|RCA_4bit:ca3|signed_adder:rca|full_adder:fa0                  ; full_adder   ; work         ;
;             |MUX2to1_1bit:mux| ; 1 (1)               ; 0 (0)                     ; 0                 ; 0          ; 0    ; 0            ; |RCA_16bit|RCA_4bit:ca3|signed_adder:rca|full_adder:fa0|MUX2to1_1bit:mux ; MUX2to1_1bit ; work         ;
;          |full_adder:fa1|      ; 2 (1)               ; 0 (0)                     ; 0                 ; 0          ; 0    ; 0            ; |RCA_16bit|RCA_4bit:ca3|signed_adder:rca|full_adder:fa1                  ; full_adder   ; work         ;
;             |MUX2to1_1bit:mux| ; 1 (1)               ; 0 (0)                     ; 0                 ; 0          ; 0    ; 0            ; |RCA_16bit|RCA_4bit:ca3|signed_adder:rca|full_adder:fa1|MUX2to1_1bit:mux ; MUX2to1_1bit ; work         ;
;          |full_adder:fa2|      ; 1 (1)               ; 0 (0)                     ; 0                 ; 0          ; 0    ; 0            ; |RCA_16bit|RCA_4bit:ca3|signed_adder:rca|full_adder:fa2                  ; full_adder   ; work         ;
;          |full_adder:fa3|      ; 2 (2)               ; 0 (0)                     ; 0                 ; 0          ; 0    ; 0            ; |RCA_16bit|RCA_4bit:ca3|signed_adder:rca|full_adder:fa3                  ; full_adder   ; work         ;
+--------------------------------+---------------------+---------------------------+-------------------+------------+------+--------------+--------------------------------------------------------------------------+--------------+--------------+
Note: For table entries with two numbers listed, the numbers in parentheses indicate the number of resources of the given type used by the specific entity alone. The numbers listed outside of parentheses indicate the total resources of the given type used by the specific entity and all of its sub-entities in the hierarchy.


+------------------------------------------------------+
; General Register Statistics                          ;
+----------------------------------------------+-------+
; Statistic                                    ; Value ;
+----------------------------------------------+-------+
; Total registers                              ; 48    ;
; Number of registers using Synchronous Clear  ; 0     ;
; Number of registers using Synchronous Load   ; 0     ;
; Number of registers using Asynchronous Clear ; 48    ;
; Number of registers using Asynchronous Load  ; 0     ;
; Number of registers using Clock Enable       ; 0     ;
; Number of registers using Preset             ; 0     ;
+----------------------------------------------+-------+


+---------------------------------------------------------------------+
; Parameter Settings for User Entity Instance: RCA_4bit:ca0|regn:regA ;
+----------------+-------+--------------------------------------------+
; Parameter Name ; Value ; Type                                       ;
+----------------+-------+--------------------------------------------+
; n              ; 4     ; Signed Integer                             ;
+----------------+-------+--------------------------------------------+
Note: In order to hide this table in the UI and the text report file, please set the "Show Parameter Settings in Synthesis Report" option in "Analysis and Synthesis Settings -> More Settings" to "Off".


+---------------------------------------------------------------------+
; Parameter Settings for User Entity Instance: RCA_4bit:ca0|regn:regB ;
+----------------+-------+--------------------------------------------+
; Parameter Name ; Value ; Type                                       ;
+----------------+-------+--------------------------------------------+
; n              ; 4     ; Signed Integer                             ;
+----------------+-------+--------------------------------------------+
Note: In order to hide this table in the UI and the text report file, please set the "Show Parameter Settings in Synthesis Report" option in "Analysis and Synthesis Settings -> More Settings" to "Off".


+---------------------------------------------------------------------+
; Parameter Settings for User Entity Instance: RCA_4bit:ca0|regn:regC ;
+----------------+-------+--------------------------------------------+
; Parameter Name ; Value ; Type                                       ;
+----------------+-------+--------------------------------------------+
; n              ; 4     ; Signed Integer                             ;
+----------------+-------+--------------------------------------------+
Note: In order to hide this table in the UI and the text report file, please set the "Show Parameter Settings in Synthesis Report" option in "Analysis and Synthesis Settings -> More Settings" to "Off".


+---------------------------------------------------------------------+
; Parameter Settings for User Entity Instance: RCA_4bit:ca1|regn:regA ;
+----------------+-------+--------------------------------------------+
; Parameter Name ; Value ; Type                                       ;
+----------------+-------+--------------------------------------------+
; n              ; 4     ; Signed Integer                             ;
+----------------+-------+--------------------------------------------+
Note: In order to hide this table in the UI and the text report file, please set the "Show Parameter Settings in Synthesis Report" option in "Analysis and Synthesis Settings -> More Settings" to "Off".


+---------------------------------------------------------------------+
; Parameter Settings for User Entity Instance: RCA_4bit:ca1|regn:regB ;
+----------------+-------+--------------------------------------------+
; Parameter Name ; Value ; Type                                       ;
+----------------+-------+--------------------------------------------+
; n              ; 4     ; Signed Integer                             ;
+----------------+-------+--------------------------------------------+
Note: In order to hide this table in the UI and the text report file, please set the "Show Parameter Settings in Synthesis Report" option in "Analysis and Synthesis Settings -> More Settings" to "Off".


+---------------------------------------------------------------------+
; Parameter Settings for User Entity Instance: RCA_4bit:ca1|regn:regC ;
+----------------+-------+--------------------------------------------+
; Parameter Name ; Value ; Type                                       ;
+----------------+-------+--------------------------------------------+
; n              ; 4     ; Signed Integer                             ;
+----------------+-------+--------------------------------------------+
Note: In order to hide this table in the UI and the text report file, please set the "Show Parameter Settings in Synthesis Report" option in "Analysis and Synthesis Settings -> More Settings" to "Off".


+---------------------------------------------------------------------+
; Parameter Settings for User Entity Instance: RCA_4bit:ca2|regn:regA ;
+----------------+-------+--------------------------------------------+
; Parameter Name ; Value ; Type                                       ;
+----------------+-------+--------------------------------------------+
; n              ; 4     ; Signed Integer                             ;
+----------------+-------+--------------------------------------------+
Note: In order to hide this table in the UI and the text report file, please set the "Show Parameter Settings in Synthesis Report" option in "Analysis and Synthesis Settings -> More Settings" to "Off".


+---------------------------------------------------------------------+
; Parameter Settings for User Entity Instance: RCA_4bit:ca2|regn:regB ;
+----------------+-------+--------------------------------------------+
; Parameter Name ; Value ; Type                                       ;
+----------------+-------+--------------------------------------------+
; n              ; 4     ; Signed Integer                             ;
+----------------+-------+--------------------------------------------+
Note: In order to hide this table in the UI and the text report file, please set the "Show Parameter Settings in Synthesis Report" option in "Analysis and Synthesis Settings -> More Settings" to "Off".


+---------------------------------------------------------------------+
; Parameter Settings for User Entity Instance: RCA_4bit:ca2|regn:regC ;
+----------------+-------+--------------------------------------------+
; Parameter Name ; Value ; Type                                       ;
+----------------+-------+--------------------------------------------+
; n              ; 4     ; Signed Integer                             ;
+----------------+-------+--------------------------------------------+
Note: In order to hide this table in the UI and the text report file, please set the "Show Parameter Settings in Synthesis Report" option in "Analysis and Synthesis Settings -> More Settings" to "Off".


+---------------------------------------------------------------------+
; Parameter Settings for User Entity Instance: RCA_4bit:ca3|regn:regA ;
+----------------+-------+--------------------------------------------+
; Parameter Name ; Value ; Type                                       ;
+----------------+-------+--------------------------------------------+
; n              ; 4     ; Signed Integer                             ;
+----------------+-------+--------------------------------------------+
Note: In order to hide this table in the UI and the text report file, please set the "Show Parameter Settings in Synthesis Report" option in "Analysis and Synthesis Settings -> More Settings" to "Off".


+---------------------------------------------------------------------+
; Parameter Settings for User Entity Instance: RCA_4bit:ca3|regn:regB ;
+----------------+-------+--------------------------------------------+
; Parameter Name ; Value ; Type                                       ;
+----------------+-------+--------------------------------------------+
; n              ; 4     ; Signed Integer                             ;
+----------------+-------+--------------------------------------------+
Note: In order to hide this table in the UI and the text report file, please set the "Show Parameter Settings in Synthesis Report" option in "Analysis and Synthesis Settings -> More Settings" to "Off".


+---------------------------------------------------------------------+
; Parameter Settings for User Entity Instance: RCA_4bit:ca3|regn:regC ;
+----------------+-------+--------------------------------------------+
; Parameter Name ; Value ; Type                                       ;
+----------------+-------+--------------------------------------------+
; n              ; 4     ; Signed Integer                             ;
+----------------+-------+--------------------------------------------+
Note: In order to hide this table in the UI and the text report file, please set the "Show Parameter Settings in Synthesis Report" option in "Analysis and Synthesis Settings -> More Settings" to "Off".


+-----------------------------------------------------------------------------------------------------------------+
; Port Connectivity Checks: "RCA_4bit:ca3"                                                                        ;
+-------+--------+----------+-------------------------------------------------------------------------------------+
; Port  ; Type   ; Severity ; Details                                                                             ;
+-------+--------+----------+-------------------------------------------------------------------------------------+
; ledr4 ; Output ; Info     ; Connected to dangling logic. Logic that only feeds a dangling port will be removed. ;
+-------+--------+----------+-------------------------------------------------------------------------------------+


+-----------------------------------------------------------------------------------------------------------------+
; Port Connectivity Checks: "RCA_4bit:ca2"                                                                        ;
+-------+--------+----------+-------------------------------------------------------------------------------------+
; Port  ; Type   ; Severity ; Details                                                                             ;
+-------+--------+----------+-------------------------------------------------------------------------------------+
; ledr9 ; Output ; Info     ; Connected to dangling logic. Logic that only feeds a dangling port will be removed. ;
+-------+--------+----------+-------------------------------------------------------------------------------------+


+-----------------------------------------------------------------------------------------------------------------+
; Port Connectivity Checks: "RCA_4bit:ca1"                                                                        ;
+-------+--------+----------+-------------------------------------------------------------------------------------+
; Port  ; Type   ; Severity ; Details                                                                             ;
+-------+--------+----------+-------------------------------------------------------------------------------------+
; ledr9 ; Output ; Info     ; Connected to dangling logic. Logic that only feeds a dangling port will be removed. ;
+-------+--------+----------+-------------------------------------------------------------------------------------+


+-----------------------------------------------------------------------------------------------------------------+
; Port Connectivity Checks: "RCA_4bit:ca0"                                                                        ;
+-------+--------+----------+-------------------------------------------------------------------------------------+
; Port  ; Type   ; Severity ; Details                                                                             ;
+-------+--------+----------+-------------------------------------------------------------------------------------+
; sw[8] ; Input  ; Info     ; Stuck at GND                                                                        ;
; ledr9 ; Output ; Info     ; Connected to dangling logic. Logic that only feeds a dangling port will be removed. ;
+-------+--------+----------+-------------------------------------------------------------------------------------+


+-----------------------------------------------------+
; Post-Synthesis Netlist Statistics for Top Partition ;
+-----------------------+-----------------------------+
; Type                  ; Count                       ;
+-----------------------+-----------------------------+
; arriav_ff             ; 48                          ;
;     CLR               ; 48                          ;
; arriav_lcell_comb     ; 30                          ;
;     normal            ; 30                          ;
;         2 data inputs ; 7                           ;
;         3 data inputs ; 7                           ;
;         4 data inputs ; 3                           ;
;         5 data inputs ; 4                           ;
;         6 data inputs ; 9                           ;
; boundary_port         ; 51                          ;
;                       ;                             ;
; Max LUT depth         ; 7.00                        ;
; Average LUT depth     ; 2.56                        ;
+-----------------------+-----------------------------+


+-------------------------------+
; Elapsed Time Per Partition    ;
+----------------+--------------+
; Partition Name ; Elapsed Time ;
+----------------+--------------+
; Top            ; 00:00:01     ;
+----------------+--------------+


+-------------------------------+
; Analysis & Synthesis Messages ;
+-------------------------------+
Info: *******************************************************************
Info: Running Quartus Prime Analysis & Synthesis
    Info: Version 18.1.0 Build 625 09/12/2018 SJ Lite Edition
    Info: Processing started: Mon Mar 20 14:49:53 2023
Info: Command: quartus_map --read_settings_files=on --write_settings_files=off RCA_16bit -c RCA_16bit
Warning (18236): Number of processors has not been specified which may cause overloading on shared machines.  Set the global assignment NUM_PARALLEL_PROCESSORS in your QSF to an appropriate value for best performance.
Info (20030): Parallel compilation is enabled and will use 4 of the 4 processors detected
Info (12021): Found 2 design units, including 1 entities, in source file signed_adder.vhd
    Info (12022): Found design unit 1: signed_adder-structural File: D:/Programs/Quartus Projects/4bit-RCA/Task3/signed_adder.vhd Line: 12
    Info (12023): Found entity 1: signed_adder File: D:/Programs/Quartus Projects/4bit-RCA/Task3/signed_adder.vhd Line: 5
Info (12021): Found 2 design units, including 1 entities, in source file regn.vhd
    Info (12022): Found design unit 1: regn-Behavior File: D:/Programs/Quartus Projects/4bit-RCA/Task3/regn.vhd Line: 11
    Info (12023): Found entity 1: regn File: D:/Programs/Quartus Projects/4bit-RCA/Task3/regn.vhd Line: 5
Info (12021): Found 2 design units, including 1 entities, in source file rca_16bit.vhd
    Info (12022): Found design unit 1: RCA_16bit-structural File: D:/Programs/Quartus Projects/4bit-RCA/Task3/RCA_16bit.vhd Line: 12
    Info (12023): Found entity 1: RCA_16bit File: D:/Programs/Quartus Projects/4bit-RCA/Task3/RCA_16bit.vhd Line: 5
Info (12021): Found 2 design units, including 1 entities, in source file rca_4bit.vhd
    Info (12022): Found design unit 1: RCA_4bit-structural File: D:/Programs/Quartus Projects/4bit-RCA/Task3/RCA_4bit.vhd Line: 13
    Info (12023): Found entity 1: RCA_4bit File: D:/Programs/Quartus Projects/4bit-RCA/Task3/RCA_4bit.vhd Line: 5
Info (12021): Found 2 design units, including 1 entities, in source file mux2to1_1bit.vhd
    Info (12022): Found design unit 1: MUX2to1_1bit-behaviour File: D:/Programs/Quartus Projects/4bit-RCA/Task3/MUX2to1_1bit.vhd Line: 11
    Info (12023): Found entity 1: MUX2to1_1bit File: D:/Programs/Quartus Projects/4bit-RCA/Task3/MUX2to1_1bit.vhd Line: 6
Info (12021): Found 2 design units, including 1 entities, in source file full_adder.vhd
    Info (12022): Found design unit 1: full_adder-mydesign File: D:/Programs/Quartus Projects/4bit-RCA/Task3/full_adder.vhd Line: 11
    Info (12023): Found entity 1: full_adder File: D:/Programs/Quartus Projects/4bit-RCA/Task3/full_adder.vhd Line: 6
Info (12021): Found 2 design units, including 1 entities, in source file flipflop.vhd
    Info (12022): Found design unit 1: flipflop-Behavior File: D:/Programs/Quartus Projects/4bit-RCA/Task3/flipflop.vhd Line: 9
    Info (12023): Found entity 1: flipflop File: D:/Programs/Quartus Projects/4bit-RCA/Task3/flipflop.vhd Line: 4
Info (12127): Elaborating entity "RCA_16bit" for the top level hierarchy
Info (12128): Elaborating entity "RCA_4bit" for hierarchy "RCA_4bit:ca0" File: D:/Programs/Quartus Projects/4bit-RCA/Task3/RCA_16bit.vhd Line: 33
Info (12128): Elaborating entity "regn" for hierarchy "RCA_4bit:ca0|regn:regA" File: D:/Programs/Quartus Projects/4bit-RCA/Task3/RCA_4bit.vhd Line: 41
Info (12128): Elaborating entity "signed_adder" for hierarchy "RCA_4bit:ca0|signed_adder:rca" File: D:/Programs/Quartus Projects/4bit-RCA/Task3/RCA_4bit.vhd Line: 44
Info (12128): Elaborating entity "full_adder" for hierarchy "RCA_4bit:ca0|signed_adder:rca|full_adder:fa0" File: D:/Programs/Quartus Projects/4bit-RCA/Task3/signed_adder.vhd Line: 24
Info (12128): Elaborating entity "MUX2to1_1bit" for hierarchy "RCA_4bit:ca0|signed_adder:rca|full_adder:fa0|MUX2to1_1bit:mux" File: D:/Programs/Quartus Projects/4bit-RCA/Task3/full_adder.vhd Line: 23
Info (286030): Timing-Driven Synthesis is running
Info (16010): Generating hard_block partition "hard_block:auto_generated_inst"
    Info (16011): Adding 0 node(s), including 0 DDIO, 0 PLL, 0 transceiver and 0 LCELL
Info (21057): Implemented 113 device resources after synthesis - the final resource count might be different
    Info (21058): Implemented 34 input pins
    Info (21059): Implemented 17 output pins
    Info (21061): Implemented 62 logic cells
Info: Quartus Prime Analysis & Synthesis was successful. 0 errors, 1 warning
    Info: Peak virtual memory: 4858 megabytes
    Info: Processing ended: Mon Mar 20 14:50:09 2023
    Info: Elapsed time: 00:00:16
    Info: Total CPU time (on all processors): 00:00:11


